{"process": 21336, "asctime": "2020-10-13 13:46:07", "name": "access_log", "levelname": "INFO", "message": null, "ip": "127.0.0.1", "method": "POST", "path": "/api/v1/qrcode", "response": {"status_code": 200, "return_code": 503, "return_msg": "token\u5df2\u5931\u6548\uff0c\u5931\u6548\u65f6\u95f4\uff1a2020-10-12 19:32:48"}, "elapsed": 0.08172917366027832}
{"process": 21336, "asctime": "2020-10-13 13:46:14", "name": "access_log", "levelname": "INFO", "message": null, "ip": "127.0.0.1", "method": "POST", "path": "/api/v1/token", "response": {"status_code": 200, "return_code": 200}, "elapsed": 0.09739398956298828}
{"process": 21336, "asctime": "2020-10-13 13:46:19", "name": "app.utils.auth.create_sign", "levelname": "DEBUG", "message": "sign : B6966A02B61E8E5B92D9EBD44F97A045"}
{"process": 21336, "asctime": "2020-10-13 13:46:19", "name": "access_log", "levelname": "INFO", "message": null, "ip": "127.0.0.1", "method": "POST", "path": "/api/v1/qrcode", "response": {"status_code": 200, "return_code": 200}, "elapsed": 0.05282855033874512}
{"process": 21336, "asctime": "2020-10-13 13:46:39", "name": "app.utils.auth.create_sign", "levelname": "DEBUG", "message": "sign : B3E72C44C200CA84E13A37428A746695"}
{"process": 21336, "asctime": "2020-10-13 13:46:39", "name": "access_log", "levelname": "INFO", "message": null, "ip": "127.0.0.1", "method": "POST", "path": "/api/v1/qrcode", "response": {"status_code": 200, "return_code": 400, "return_msg": "Picture format ERROR"}, "elapsed": 0.19167327880859375}
{"process": 21728, "asctime": "2020-10-13 13:47:12", "name": "app.utils.auth.create_sign", "levelname": "DEBUG", "message": "sign : 83A67C41A00B7938B7DC1B22E3A027A3"}
{"process": 21728, "asctime": "2020-10-13 13:47:22", "name": "on_exception", "levelname": "CRITICAL", "message": "Unknown error:", "exc_info": "Traceback (most recent call last):\n  File \"/home/duanweiye/.local/lib/python3.7/site-packages/flask_restx/api.py\", line 636, in error_router\n    return self.handle_error(e)\n  File \"/home/duanweiye/.local/lib/python3.7/site-packages/flask/app.py\", line 1949, in full_dispatch_request\n    rv = self.dispatch_request()\n  File \"/home/duanweiye/.local/lib/python3.7/site-packages/flask/app.py\", line 1935, in dispatch_request\n    return self.view_functions[rule.endpoint](**req.view_args)\n  File \"/home/duanweiye/.local/lib/python3.7/site-packages/flask_restx/api.py\", line 375, in wrapper\n    resp = resource(*args, **kwargs)\n  File \"/home/duanweiye/.local/lib/python3.7/site-packages/flask/views.py\", line 89, in view\n    return self.dispatch_request(*args, **kwargs)\n  File \"/home/duanweiye/.local/lib/python3.7/site-packages/flask_restx/resource.py\", line 44, in dispatch_request\n    resp = meth(*args, **kwargs)\n  File \"/home/duanweiye/\u684c\u9762/qrcode_chuangcaiyun/qrcode_pro_dev/QrCode/app/utils/decorators.py\", line 41, in inner\n    return func(*args, **kwargs)\n  File \"/home/duanweiye/\u684c\u9762/qrcode_chuangcaiyun/qrcode_pro_dev/QrCode/app/views/qrcode_decode.py\", line 112, in post\n    pdf_file_path = os.path.join(CONFIG.PDF_FILE, f\"{imagefile.filename[-1]}_{datetime_toString(datetime.datetime.now())}.pdf\")\n  File \"/home/duanweiye/.conda/envs/py37_flask_rex/lib/python3.7/posixpath.py\", line 80, in join\n    a = os.fspath(a)\nTypeError: expected str, bytes or os.PathLike object, not list"}
{"process": 21728, "asctime": "2020-10-13 13:47:22", "name": "access_log", "levelname": "INFO", "message": null, "ip": "127.0.0.1", "method": "POST", "path": "/api/v1/qrcode", "response": {"status_code": 200, "return_code": 500, "return_msg": "expected str, bytes or os.PathLike object, not list"}, "elapsed": 10.529522180557251}
{"process": 22200, "asctime": "2020-10-13 13:49:45", "name": "app.utils.auth.create_sign", "levelname": "DEBUG", "message": "sign : 766D78BC6CAE1CD6C5BB2C840ACD683D"}
{"process": 22200, "asctime": "2020-10-13 13:50:39", "name": "access_log", "levelname": "INFO", "message": null, "ip": "127.0.0.1", "method": "POST", "path": "/api/v1/qrcode", "response": {"status_code": 200, "return_code": 200}, "elapsed": 54.17288422584534}
{"process": 24096, "asctime": "2020-10-13 14:04:31", "name": "app.utils.auth.create_sign", "levelname": "DEBUG", "message": "sign : 56FF2A9D4BE860C1216CBB0A3931F664"}
{"process": 24096, "asctime": "2020-10-13 14:04:32", "name": "access_log", "levelname": "INFO", "message": null, "ip": "127.0.0.1", "method": "POST", "path": "/api/v1/qrcode", "response": {"status_code": 200, "return_code": 200}, "elapsed": 0.566572904586792}
{"process": 24096, "asctime": "2020-10-13 14:05:08", "name": "app.utils.auth.create_sign", "levelname": "DEBUG", "message": "sign : 61FE4FE181CD8E1727EF4F3A20C3CACC"}
{"process": 24096, "asctime": "2020-10-13 14:05:12", "name": "access_log", "levelname": "INFO", "message": null, "ip": "127.0.0.1", "method": "POST", "path": "/api/v1/qrcode", "response": {"status_code": 200, "return_code": 200}, "elapsed": 3.992299795150757}
{"process": 24096, "asctime": "2020-10-13 14:05:32", "name": "app.utils.auth.create_sign", "levelname": "DEBUG", "message": "sign : F735327E023B2904CA19C8728D6212F4"}
{"process": 24294, "asctime": "2020-10-13 14:06:25", "name": "app.utils.auth.create_sign", "levelname": "DEBUG", "message": "sign : 9C3D74984BA78EEFEE0CBA06DBCECF89"}
{"process": 24294, "asctime": "2020-10-13 14:06:25", "name": "access_log", "levelname": "INFO", "message": null, "ip": "127.0.0.1", "method": "POST", "path": "/api/v1/qrcode", "response": {"status_code": 200, "return_code": 200}, "elapsed": 0.5566256046295166}
{"process": 24365, "asctime": "2020-10-13 14:07:09", "name": "app.utils.auth.create_sign", "levelname": "DEBUG", "message": "sign : 1C6C85976FF649925A6A565D3F0A0FCF"}
{"process": 24522, "asctime": "2020-10-13 14:09:50", "name": "app.utils.auth.create_sign", "levelname": "DEBUG", "message": "sign : 71107223DD2367E02A75564AD3468348"}
{"process": 24522, "asctime": "2020-10-13 14:09:50", "name": "access_log", "levelname": "INFO", "message": null, "ip": "127.0.0.1", "method": "POST", "path": "/api/v1/qrcode", "response": {"status_code": 200, "return_code": 200}, "elapsed": 0.5639004707336426}
{"process": 24674, "asctime": "2020-10-13 14:12:19", "name": "app.utils.auth.create_sign", "levelname": "DEBUG", "message": "sign : 0C78A9CE60E3112CE749FF62E83A9875"}
{"process": 24766, "asctime": "2020-10-13 14:13:19", "name": "app.utils.auth.create_sign", "levelname": "DEBUG", "message": "sign : FA344BBC8C9EA58D8CAB16DBA99F9A4E"}
{"process": 24828, "asctime": "2020-10-13 14:13:55", "name": "app.utils.auth.create_sign", "levelname": "DEBUG", "message": "sign : 321BA1955C7067CF010BD2CB44CCC43A"}
{"process": 24892, "asctime": "2020-10-13 14:14:23", "name": "app.utils.auth.create_sign", "levelname": "DEBUG", "message": "sign : 3A507C00C468B471DB35CDE11CC068AC"}
{"process": 24958, "asctime": "2020-10-13 14:14:55", "name": "app.utils.auth.create_sign", "levelname": "DEBUG", "message": "sign : 40BBFDEB5B198897EA1CA4F0290CAB08"}
{"process": 25045, "asctime": "2020-10-13 14:16:10", "name": "app.utils.auth.create_sign", "levelname": "DEBUG", "message": "sign : 16DEF4DBC7992B06DEDDD4FD2F223915"}
{"process": 25045, "asctime": "2020-10-13 14:16:24", "name": "access_log", "levelname": "INFO", "message": null, "ip": "127.0.0.1", "method": "POST", "path": "/api/v1/qrcode", "response": {"status_code": 200, "return_code": 200}, "elapsed": 15.013089179992676}
{"process": 25603, "asctime": "2020-10-13 14:20:53", "name": "app.utils.auth.create_sign", "levelname": "DEBUG", "message": "sign : AB9DA24D41AD57C360C2521FC9C62C46"}
{"process": 26010, "asctime": "2020-10-13 14:27:19", "name": "app.utils.auth.create_sign", "levelname": "DEBUG", "message": "sign : 206AA0C127115DADE179421719C03892"}
{"process": 26010, "asctime": "2020-10-13 14:27:23", "name": "on_exception", "levelname": "CRITICAL", "message": "Unknown error:", "exc_info": "Traceback (most recent call last):\n  File \"/home/duanweiye/.local/lib/python3.7/site-packages/flask_restx/api.py\", line 636, in error_router\n    return self.handle_error(e)\n  File \"/home/duanweiye/.local/lib/python3.7/site-packages/flask/app.py\", line 1949, in full_dispatch_request\n    rv = self.dispatch_request()\n  File \"/home/duanweiye/.local/lib/python3.7/site-packages/flask/app.py\", line 1935, in dispatch_request\n    return self.view_functions[rule.endpoint](**req.view_args)\n  File \"/home/duanweiye/.local/lib/python3.7/site-packages/flask_restx/api.py\", line 375, in wrapper\n    resp = resource(*args, **kwargs)\n  File \"/home/duanweiye/.local/lib/python3.7/site-packages/flask/views.py\", line 89, in view\n    return self.dispatch_request(*args, **kwargs)\n  File \"/home/duanweiye/.local/lib/python3.7/site-packages/flask_restx/resource.py\", line 44, in dispatch_request\n    resp = meth(*args, **kwargs)\n  File \"/home/duanweiye/\u684c\u9762/qrcode_chuangcaiyun/qrcode_pro_dev/QrCode/app/utils/decorators.py\", line 45, in inner\n    return func(*args, **kwargs)\n  File \"/home/duanweiye/\u684c\u9762/qrcode_chuangcaiyun/qrcode_pro_dev/QrCode/app/views/qrcode_decode.py\", line 127, in post\n    result = self.recognition(image_stream, qtype=args['qtype'])\nTypeError: recognition() missing 1 required positional argument: 'qtype'"}
{"process": 26010, "asctime": "2020-10-13 14:27:23", "name": "access_log", "levelname": "INFO", "message": null, "ip": "127.0.0.1", "method": "POST", "path": "/api/v1/qrcode", "response": {"status_code": 200, "return_code": 500, "return_msg": "recognition() missing 1 required positional argument: 'qtype'"}, "elapsed": 4.2139732837677}
{"process": 26516, "asctime": "2020-10-13 14:36:20", "name": "app.utils.auth.create_sign", "levelname": "DEBUG", "message": "sign : 753F142C2C0A84EA326AFCD8C89965F5"}
{"process": 26632, "asctime": "2020-10-13 14:37:13", "name": "app.utils.auth.create_sign", "levelname": "DEBUG", "message": "sign : 905F330DDF087E3E3D6EDD05704D69F1"}
{"process": 26632, "asctime": "2020-10-13 14:37:19", "name": "app.service.qrcode_by_local", "levelname": "INFO", "message": "Fixed position decode data: []"}
{"process": 26632, "asctime": "2020-10-13 14:37:19", "name": "app.service.qrcode_by_local", "levelname": "INFO", "message": "Fixed position decode data: []"}
{"process": 26632, "asctime": "2020-10-13 14:37:19", "name": "app.service.qrcode_by_local", "levelname": "INFO", "message": "Fixed position decode data: []"}
{"process": 26632, "asctime": "2020-10-13 14:37:20", "name": "app.service.qrcode_by_local", "levelname": "INFO", "message": "Fixed position decode data: []"}
{"process": 26632, "asctime": "2020-10-13 14:37:20", "name": "app.service.qrcode_by_local", "levelname": "INFO", "message": "Fixed position decode data: [{'QRCODE': '008-3525548993-01-01-02'}]"}
{"process": 26632, "asctime": "2020-10-13 14:37:20", "name": "app.service.qrcode_by_local", "levelname": "INFO", "message": "Fixed position decode data: []"}
{"process": 26632, "asctime": "2020-10-13 14:37:28", "name": "app.service.qrcode_by_local", "levelname": "INFO", "message": "Fixed position decode data: []"}
{"process": 26632, "asctime": "2020-10-13 14:37:29", "name": "app.service.qrcode_by_local", "levelname": "INFO", "message": "Fixed position decode data: []"}
{"process": 26632, "asctime": "2020-10-13 14:37:29", "name": "app.service.qrcode_by_local", "levelname": "INFO", "message": "Fixed position decode data: []"}
{"process": 26632, "asctime": "2020-10-13 14:37:29", "name": "app.service.qrcode_by_local", "levelname": "INFO", "message": "Fixed position decode data: []"}
{"process": 26632, "asctime": "2020-10-13 14:37:30", "name": "app.service.qrcode_by_local", "levelname": "INFO", "message": "Fixed position decode data: [{'QRCODE': '008-3525548993-01-02-02'}]"}
{"process": 26632, "asctime": "2020-10-13 14:37:30", "name": "app.service.qrcode_by_local", "levelname": "INFO", "message": "Fixed position decode data: []"}
{"process": 26632, "asctime": "2020-10-13 14:37:50", "name": "access_log", "levelname": "INFO", "message": null, "ip": "127.0.0.1", "method": "POST", "path": "/api/v1/qrcode", "response": {"status_code": 200, "return_code": 200}, "elapsed": 37.27624320983887}
{"process": 27153, "asctime": "2020-10-13 14:42:07", "name": "app.utils.auth.create_sign", "levelname": "DEBUG", "message": "sign : 5F8EEEED75A5EBA26D45E26619FBDBF9"}
{"process": 27153, "asctime": "2020-10-13 14:42:07", "name": "on_exception", "levelname": "CRITICAL", "message": "Unknown error:", "exc_info": "Traceback (most recent call last):\n  File \"/home/duanweiye/.local/lib/python3.7/site-packages/flask_restx/api.py\", line 636, in error_router\n    return self.handle_error(e)\n  File \"/home/duanweiye/.local/lib/python3.7/site-packages/flask/app.py\", line 1949, in full_dispatch_request\n    rv = self.dispatch_request()\n  File \"/home/duanweiye/.local/lib/python3.7/site-packages/flask/app.py\", line 1935, in dispatch_request\n    return self.view_functions[rule.endpoint](**req.view_args)\n  File \"/home/duanweiye/.local/lib/python3.7/site-packages/flask_restx/api.py\", line 375, in wrapper\n    resp = resource(*args, **kwargs)\n  File \"/home/duanweiye/.local/lib/python3.7/site-packages/flask/views.py\", line 89, in view\n    return self.dispatch_request(*args, **kwargs)\n  File \"/home/duanweiye/.local/lib/python3.7/site-packages/flask_restx/resource.py\", line 44, in dispatch_request\n    resp = meth(*args, **kwargs)\n  File \"/home/duanweiye/\u684c\u9762/qrcode_chuangcaiyun/qrcode_pro_dev/QrCode/app/utils/decorators.py\", line 45, in inner\n    return func(*args, **kwargs)\n  File \"/home/duanweiye/\u684c\u9762/qrcode_chuangcaiyun/qrcode_pro_dev/QrCode/app/views/qrcode_decode.py\", line 103, in post\n    filename = imagefile.filename.split('/')[0]\nAttributeError: 'NoneType' object has no attribute 'filename'"}
{"process": 27153, "asctime": "2020-10-13 14:42:07", "name": "access_log", "levelname": "INFO", "message": null, "ip": "127.0.0.1", "method": "POST", "path": "/api/v1/qrcode", "response": {"status_code": 200, "return_code": 500, "return_msg": "'NoneType' object has no attribute 'filename'"}, "elapsed": 0.07481050491333008}
{"process": 27262, "asctime": "2020-10-13 14:42:41", "name": "app.utils.auth.create_sign", "levelname": "DEBUG", "message": "sign : 2B7A65D0F1926DE9B40CE025AF2F9BC8"}
{"process": 28145, "asctime": "2020-10-13 14:54:39", "name": "app.utils.auth.create_sign", "levelname": "DEBUG", "message": "sign : D1D895146FA868DC51E164DBFA79ADB6"}
{"process": 28145, "asctime": "2020-10-13 14:54:46", "name": "app.service.qrcode_by_local", "levelname": "INFO", "message": "Fixed position decode data: []"}
{"process": 28145, "asctime": "2020-10-13 14:54:46", "name": "app.service.qrcode_by_local", "levelname": "INFO", "message": "Fixed position decode data: [{'CODE128': '008-8151782546-01-02-02'}]"}
{"process": 28145, "asctime": "2020-10-13 14:54:46", "name": "app.service.qrcode_by_local", "levelname": "INFO", "message": "Fixed position decode data: []"}
{"process": 28145, "asctime": "2020-10-13 14:54:47", "name": "app.service.qrcode_by_local", "levelname": "INFO", "message": "Fixed position decode data: [{'CODE128': '008-8151782546-01-02-02'}]"}
{"process": 28145, "asctime": "2020-10-13 14:54:47", "name": "app.service.qrcode_by_local", "levelname": "INFO", "message": "Fixed position decode data: []"}
{"process": 28145, "asctime": "2020-10-13 14:54:47", "name": "app.service.qrcode_by_local", "levelname": "INFO", "message": "Detect Image data: []"}
{"process": 28145, "asctime": "2020-10-13 14:54:47", "name": "app.service.qrcode_by_local", "levelname": "INFO", "message": "Fixed position decode data: [{'CODE128': '008-8151782546-01-02-02'}]"}
{"process": 28145, "asctime": "2020-10-13 14:54:47", "name": "app.service.qrcode_by_local", "levelname": "INFO", "message": "Detect Image data: []"}
{"process": 28145, "asctime": "2020-10-13 14:54:48", "name": "app.service.qrcode_by_local", "levelname": "INFO", "message": "Detect Image data: [{'CODE128': '008-8151782546-01-02-02'}]"}
{"process": 28145, "asctime": "2020-10-13 14:54:48", "name": "app.service.qrcode_by_baidu.OcrBaidu", "levelname": "INFO", "message": "token from redis"}
{"process": 28145, "asctime": "2020-10-13 14:54:48", "name": "app.service.qrcode_by_baidu", "levelname": "ERROR", "message": "('can only concatenate str (not \"bytes\") to str',)", "exc_info": "Traceback (most recent call last):\n  File \"/home/duanweiye/\u684c\u9762/qrcode_chuangcaiyun/qrcode_pro_dev/QrCode/app/service/qrcode_by_baidu.py\", line 32, in get_work\n    BD_QCODE_URL = CONFIG.BD_QCODE_URL + \"?access_token=\" + access_token\nTypeError: can only concatenate str (not \"bytes\") to str"}
{"process": 28145, "asctime": "2020-10-13 14:54:48", "name": "app.service.qrcode_by_local.QrcodeInfo", "levelname": "INFO", "message": "\u7b2c\u4e09\u65b9\u63a5\u53e3\u6570\u636e: None"}
{"process": 28145, "asctime": "2020-10-13 14:54:48", "name": "app.service.qrcode_by_baidu.OcrBaidu", "levelname": "INFO", "message": "token from redis"}
{"process": 28145, "asctime": "2020-10-13 14:54:48", "name": "app.service.qrcode_by_baidu", "levelname": "ERROR", "message": "('can only concatenate str (not \"bytes\") to str',)", "exc_info": "Traceback (most recent call last):\n  File \"/home/duanweiye/\u684c\u9762/qrcode_chuangcaiyun/qrcode_pro_dev/QrCode/app/service/qrcode_by_baidu.py\", line 32, in get_work\n    BD_QCODE_URL = CONFIG.BD_QCODE_URL + \"?access_token=\" + access_token\nTypeError: can only concatenate str (not \"bytes\") to str"}
{"process": 28145, "asctime": "2020-10-13 14:54:48", "name": "app.service.qrcode_by_local.QrcodeInfo", "levelname": "INFO", "message": "\u7b2c\u4e09\u65b9\u63a5\u53e3\u6570\u636e: None"}
{"process": 28145, "asctime": "2020-10-13 14:54:48", "name": "app.service.qrcode_by_baidu.OcrBaidu", "levelname": "INFO", "message": "token from redis"}
{"process": 28145, "asctime": "2020-10-13 14:54:48", "name": "app.service.qrcode_by_baidu", "levelname": "ERROR", "message": "('can only concatenate str (not \"bytes\") to str',)", "exc_info": "Traceback (most recent call last):\n  File \"/home/duanweiye/\u684c\u9762/qrcode_chuangcaiyun/qrcode_pro_dev/QrCode/app/service/qrcode_by_baidu.py\", line 32, in get_work\n    BD_QCODE_URL = CONFIG.BD_QCODE_URL + \"?access_token=\" + access_token\nTypeError: can only concatenate str (not \"bytes\") to str"}
{"process": 28145, "asctime": "2020-10-13 14:54:48", "name": "app.service.qrcode_by_local.QrcodeInfo", "levelname": "INFO", "message": "\u7b2c\u4e09\u65b9\u63a5\u53e3\u6570\u636e: None"}
{"process": 28145, "asctime": "2020-10-13 14:54:48", "name": "app.service.qrcode_by_local", "levelname": "INFO", "message": "Detect Image data: []"}
{"process": 28145, "asctime": "2020-10-13 14:54:48", "name": "app.service.qrcode_by_local", "levelname": "INFO", "message": "Detect Image data: []"}
{"process": 28145, "asctime": "2020-10-13 14:54:48", "name": "app.service.qrcode_by_local", "levelname": "INFO", "message": "Detect Image data: [{'CODE128': '008-8151782546-01-02-02'}]"}
{"process": 28145, "asctime": "2020-10-13 14:54:48", "name": "access_log", "levelname": "INFO", "message": null, "ip": "127.0.0.1", "method": "POST", "path": "/api/v1/qrcode", "response": {"status_code": 200, "return_code": 200}, "elapsed": 9.005372285842896}
{"process": 28646, "asctime": "2020-10-13 14:56:03", "name": "app.utils.auth.create_sign", "levelname": "DEBUG", "message": "sign : E93F0DBDA5BAF8997B293ED8C968F271"}
{"process": 28646, "asctime": "2020-10-13 14:56:09", "name": "app.service.qrcode_by_local", "levelname": "INFO", "message": "Fixed position decode data: []"}
{"process": 28646, "asctime": "2020-10-13 14:56:09", "name": "app.service.qrcode_by_local", "levelname": "INFO", "message": "Fixed position decode data: [{'CODE128': '008-8151782546-01-02-02'}]"}
{"process": 28646, "asctime": "2020-10-13 14:56:09", "name": "app.service.qrcode_by_local", "levelname": "INFO", "message": "Fixed position decode data: []"}
{"process": 28646, "asctime": "2020-10-13 14:56:10", "name": "app.service.qrcode_by_local", "levelname": "INFO", "message": "Fixed position decode data: [{'CODE128': '008-8151782546-01-02-02'}]"}
{"process": 28646, "asctime": "2020-10-13 14:56:10", "name": "app.service.qrcode_by_local", "levelname": "INFO", "message": "Fixed position decode data: []"}
{"process": 28646, "asctime": "2020-10-13 14:56:10", "name": "app.service.qrcode_by_local", "levelname": "INFO", "message": "Detect Image data: []"}
{"process": 28646, "asctime": "2020-10-13 14:56:10", "name": "app.service.qrcode_by_local", "levelname": "INFO", "message": "Fixed position decode data: [{'CODE128': '008-8151782546-01-02-02'}]"}
{"process": 28646, "asctime": "2020-10-13 14:56:11", "name": "app.service.qrcode_by_local", "levelname": "INFO", "message": "Detect Image data: []"}
{"process": 28646, "asctime": "2020-10-13 14:56:11", "name": "app.service.qrcode_by_local", "levelname": "INFO", "message": "Detect Image data: [{'CODE128': '008-8151782546-01-02-02'}]"}
{"process": 28646, "asctime": "2020-10-13 14:56:11", "name": "app.service.qrcode_by_baidu.OcrBaidu", "levelname": "INFO", "message": "token from redis"}
{"process": 28646, "asctime": "2020-10-13 14:56:11", "name": "app.service.qrcode_by_baidu", "levelname": "ERROR", "message": "('can only concatenate str (not \"bytes\") to str',)", "exc_info": "Traceback (most recent call last):\n  File \"/home/duanweiye/\u684c\u9762/qrcode_chuangcaiyun/qrcode_pro_dev/QrCode/app/service/qrcode_by_baidu.py\", line 32, in get_work\n    BD_QCODE_URL = CONFIG.BD_QCODE_URL + \"?access_token=\" + access_token\nTypeError: can only concatenate str (not \"bytes\") to str"}
{"process": 28646, "asctime": "2020-10-13 14:56:11", "name": "app.service.qrcode_by_local.QrcodeInfo", "levelname": "INFO", "message": "\u7b2c\u4e09\u65b9\u63a5\u53e3\u6570\u636e: None"}
{"process": 28646, "asctime": "2020-10-13 14:56:11", "name": "app.service.qrcode_by_baidu.OcrBaidu", "levelname": "INFO", "message": "token from redis"}
{"process": 28646, "asctime": "2020-10-13 14:56:11", "name": "app.service.qrcode_by_baidu", "levelname": "ERROR", "message": "('can only concatenate str (not \"bytes\") to str',)", "exc_info": "Traceback (most recent call last):\n  File \"/home/duanweiye/\u684c\u9762/qrcode_chuangcaiyun/qrcode_pro_dev/QrCode/app/service/qrcode_by_baidu.py\", line 32, in get_work\n    BD_QCODE_URL = CONFIG.BD_QCODE_URL + \"?access_token=\" + access_token\nTypeError: can only concatenate str (not \"bytes\") to str"}
{"process": 28646, "asctime": "2020-10-13 14:56:11", "name": "app.service.qrcode_by_local.QrcodeInfo", "levelname": "INFO", "message": "\u7b2c\u4e09\u65b9\u63a5\u53e3\u6570\u636e: None"}
{"process": 28646, "asctime": "2020-10-13 14:56:11", "name": "app.service.qrcode_by_baidu.OcrBaidu", "levelname": "INFO", "message": "token from redis"}
{"process": 28646, "asctime": "2020-10-13 14:56:11", "name": "app.service.qrcode_by_baidu", "levelname": "ERROR", "message": "('can only concatenate str (not \"bytes\") to str',)", "exc_info": "Traceback (most recent call last):\n  File \"/home/duanweiye/\u684c\u9762/qrcode_chuangcaiyun/qrcode_pro_dev/QrCode/app/service/qrcode_by_baidu.py\", line 32, in get_work\n    BD_QCODE_URL = CONFIG.BD_QCODE_URL + \"?access_token=\" + access_token\nTypeError: can only concatenate str (not \"bytes\") to str"}
{"process": 28646, "asctime": "2020-10-13 14:56:11", "name": "app.service.qrcode_by_local.QrcodeInfo", "levelname": "INFO", "message": "\u7b2c\u4e09\u65b9\u63a5\u53e3\u6570\u636e: None"}
{"process": 28646, "asctime": "2020-10-13 14:56:11", "name": "app.service.qrcode_by_local", "levelname": "INFO", "message": "Detect Image data: []"}
{"process": 28646, "asctime": "2020-10-13 14:56:11", "name": "app.service.qrcode_by_local", "levelname": "INFO", "message": "Detect Image data: []"}
{"process": 28646, "asctime": "2020-10-13 14:56:11", "name": "app.service.qrcode_by_local", "levelname": "INFO", "message": "Detect Image data: [{'CODE128': '008-8151782546-01-02-02'}]"}
{"process": 28646, "asctime": "2020-10-13 14:56:11", "name": "access_log", "levelname": "INFO", "message": null, "ip": "127.0.0.1", "method": "POST", "path": "/api/v1/qrcode", "response": {"status_code": 200, "return_code": 200}, "elapsed": 8.320899724960327}
{"process": 28917, "asctime": "2020-10-13 14:57:17", "name": "app.utils.auth.create_sign", "levelname": "DEBUG", "message": "sign : E1373E4A34427847EF385DC090CEEB73"}
{"process": 28917, "asctime": "2020-10-13 14:57:21", "name": "app.service.qrcode_by_local", "levelname": "INFO", "message": "Fixed position decode data: []"}
{"process": 28917, "asctime": "2020-10-13 14:57:21", "name": "app.service.qrcode_by_local", "levelname": "INFO", "message": "Fixed position decode data: [{'CODE128': '008-8151782546-01-02-02'}]"}
{"process": 28917, "asctime": "2020-10-13 14:57:21", "name": "app.service.qrcode_by_local", "levelname": "INFO", "message": "Fixed position decode data: []"}
{"process": 28917, "asctime": "2020-10-13 14:57:21", "name": "app.service.qrcode_by_local", "levelname": "INFO", "message": "Fixed position decode data: [{'CODE128': '008-8151782546-01-02-02'}]"}
{"process": 28917, "asctime": "2020-10-13 14:57:22", "name": "app.service.qrcode_by_local", "levelname": "INFO", "message": "Fixed position decode data: []"}
{"process": 28917, "asctime": "2020-10-13 14:57:22", "name": "app.service.qrcode_by_local", "levelname": "INFO", "message": "Detect Image data: []"}
{"process": 28917, "asctime": "2020-10-13 14:57:22", "name": "app.service.qrcode_by_local", "levelname": "INFO", "message": "Fixed position decode data: [{'CODE128': '008-8151782546-01-02-02'}]"}
{"process": 28917, "asctime": "2020-10-13 14:57:22", "name": "app.service.qrcode_by_local", "levelname": "INFO", "message": "Detect Image data: []"}
{"process": 28917, "asctime": "2020-10-13 14:57:22", "name": "app.service.qrcode_by_local", "levelname": "INFO", "message": "Detect Image data: [{'CODE128': '008-8151782546-01-02-02'}]"}
{"process": 28917, "asctime": "2020-10-13 14:57:37", "name": "app.service.qrcode_by_baidu.OcrBaidu", "levelname": "INFO", "message": "token from redis"}
{"process": 28917, "asctime": "2020-10-13 14:57:37", "name": "app.service.qrcode_by_baidu", "levelname": "ERROR", "message": "('can only concatenate str (not \"bytes\") to str',)", "exc_info": "Traceback (most recent call last):\n  File \"/home/duanweiye/\u684c\u9762/qrcode_chuangcaiyun/qrcode_pro_dev/QrCode/app/service/qrcode_by_baidu.py\", line 32, in get_work\n    BD_QCODE_URL = CONFIG.BD_QCODE_URL + \"?access_token=\" + access_token\nTypeError: can only concatenate str (not \"bytes\") to str"}
{"process": 28917, "asctime": "2020-10-13 14:57:37", "name": "app.service.qrcode_by_local.QrcodeInfo", "levelname": "INFO", "message": "\u7b2c\u4e09\u65b9\u63a5\u53e3\u6570\u636e: None"}
{"process": 28917, "asctime": "2020-10-13 14:57:38", "name": "app.service.qrcode_by_baidu.OcrBaidu", "levelname": "INFO", "message": "token from redis"}
{"process": 28917, "asctime": "2020-10-13 14:57:38", "name": "app.service.qrcode_by_baidu", "levelname": "ERROR", "message": "('can only concatenate str (not \"bytes\") to str',)", "exc_info": "Traceback (most recent call last):\n  File \"/home/duanweiye/\u684c\u9762/qrcode_chuangcaiyun/qrcode_pro_dev/QrCode/app/service/qrcode_by_baidu.py\", line 32, in get_work\n    BD_QCODE_URL = CONFIG.BD_QCODE_URL + \"?access_token=\" + access_token\nTypeError: can only concatenate str (not \"bytes\") to str"}
{"process": 28917, "asctime": "2020-10-13 14:57:38", "name": "app.service.qrcode_by_local.QrcodeInfo", "levelname": "INFO", "message": "\u7b2c\u4e09\u65b9\u63a5\u53e3\u6570\u636e: None"}
{"process": 30483, "asctime": "2020-10-13 15:09:28", "name": "app.utils.auth.create_sign", "levelname": "DEBUG", "message": "sign : E2653A588CF6474F3B3D2679A8ECEE35"}
{"process": 30483, "asctime": "2020-10-13 15:09:30", "name": "app.service.qrcode_by_local", "levelname": "INFO", "message": "Fixed position decode data: []"}
{"process": 30483, "asctime": "2020-10-13 15:09:30", "name": "app.service.qrcode_by_local", "levelname": "INFO", "message": "Fixed position decode data: [{'CODE128': '008-8151782546-01-02-02'}]"}
{"process": 30483, "asctime": "2020-10-13 15:09:30", "name": "app.service.qrcode_by_local", "levelname": "INFO", "message": "Fixed position decode data: []"}
{"process": 30483, "asctime": "2020-10-13 15:09:30", "name": "app.service.qrcode_by_local", "levelname": "INFO", "message": "Fixed position decode data: [{'CODE128': '008-8151782546-01-02-02'}]"}
{"process": 30483, "asctime": "2020-10-13 15:09:30", "name": "app.service.qrcode_by_local", "levelname": "INFO", "message": "Fixed position decode data: []"}
{"process": 30483, "asctime": "2020-10-13 15:09:31", "name": "app.service.qrcode_by_local", "levelname": "INFO", "message": "Detect Image data: []"}
{"process": 30483, "asctime": "2020-10-13 15:09:31", "name": "app.service.qrcode_by_local", "levelname": "INFO", "message": "Fixed position decode data: [{'CODE128': '008-8151782546-01-02-02'}]"}
{"process": 30483, "asctime": "2020-10-13 15:09:31", "name": "app.service.qrcode_by_local", "levelname": "INFO", "message": "Detect Image data: []"}
{"process": 30483, "asctime": "2020-10-13 15:09:31", "name": "app.service.qrcode_by_local", "levelname": "INFO", "message": "Detect Image data: [{'CODE128': '008-8151782546-01-02-02'}]"}
{"process": 30483, "asctime": "2020-10-13 15:09:40", "name": "app.service.qrcode_by_baidu.OcrBaidu", "levelname": "INFO", "message": "token from redis"}
{"process": 30483, "asctime": "2020-10-13 15:09:40", "name": "urllib3.connectionpool", "levelname": "DEBUG", "message": "Starting new HTTPS connection (1): aip.baidubce.com:443"}
{"process": 30483, "asctime": "2020-10-13 15:09:41", "name": "urllib3.connectionpool", "levelname": "DEBUG", "message": "https://aip.baidubce.com:443 \"POST /rest/2.0/ocr/v1/qrcode?access_token=24.f14aa6625eca1acc24d21eb289a0e7fe.2592000.1603360873.282335-17819073 HTTP/1.1\" 200 79"}
{"process": 30483, "asctime": "2020-10-13 15:09:41", "name": "app.service.qrcode_by_baidu", "levelname": "INFO", "message": "time_bd_ocr: 0.5765557289123535"}
{"process": 30483, "asctime": "2020-10-13 15:09:41", "name": "app.service.qrcode_by_local.QrcodeInfo", "levelname": "INFO", "message": "\u7b2c\u4e09\u65b9\u63a5\u53e3\u6570\u636e: None"}
{"process": 30483, "asctime": "2020-10-13 15:09:41", "name": "app.service.qrcode_by_baidu.OcrBaidu", "levelname": "INFO", "message": "token from redis"}
{"process": 30483, "asctime": "2020-10-13 15:09:41", "name": "urllib3.connectionpool", "levelname": "DEBUG", "message": "Starting new HTTPS connection (1): aip.baidubce.com:443"}
{"process": 30483, "asctime": "2020-10-13 15:09:41", "name": "urllib3.connectionpool", "levelname": "DEBUG", "message": "https://aip.baidubce.com:443 \"POST /rest/2.0/ocr/v1/qrcode?access_token=24.f14aa6625eca1acc24d21eb289a0e7fe.2592000.1603360873.282335-17819073 HTTP/1.1\" 200 79"}
{"process": 30483, "asctime": "2020-10-13 15:09:41", "name": "app.service.qrcode_by_baidu", "levelname": "INFO", "message": "time_bd_ocr: 0.3302948474884033"}
{"process": 30483, "asctime": "2020-10-13 15:09:41", "name": "app.service.qrcode_by_local.QrcodeInfo", "levelname": "INFO", "message": "\u7b2c\u4e09\u65b9\u63a5\u53e3\u6570\u636e: None"}
{"process": 30483, "asctime": "2020-10-13 15:09:41", "name": "app.service.qrcode_by_baidu.OcrBaidu", "levelname": "INFO", "message": "token from redis"}
{"process": 30483, "asctime": "2020-10-13 15:09:41", "name": "urllib3.connectionpool", "levelname": "DEBUG", "message": "Starting new HTTPS connection (1): aip.baidubce.com:443"}
{"process": 30483, "asctime": "2020-10-13 15:09:42", "name": "urllib3.connectionpool", "levelname": "DEBUG", "message": "https://aip.baidubce.com:443 \"POST /rest/2.0/ocr/v1/qrcode?access_token=24.f14aa6625eca1acc24d21eb289a0e7fe.2592000.1603360873.282335-17819073 HTTP/1.1\" 200 129"}
{"process": 30483, "asctime": "2020-10-13 15:09:42", "name": "app.service.qrcode_by_baidu", "levelname": "INFO", "message": "time_bd_ocr: 0.8207986354827881"}
{"process": 30483, "asctime": "2020-10-13 15:09:42", "name": "app.service.qrcode_by_local.QrcodeInfo", "levelname": "INFO", "message": "\u7b2c\u4e09\u65b9\u63a5\u53e3\u6570\u636e: [{'CODE_128': '008-8151782546-01-02-02'}]"}
{"process": 30483, "asctime": "2020-10-13 15:09:42", "name": "app.service.qrcode_by_local", "levelname": "INFO", "message": "Detect Image data: []"}
{"process": 30483, "asctime": "2020-10-13 15:09:42", "name": "app.service.qrcode_by_local", "levelname": "INFO", "message": "Detect Image data: []"}
{"process": 30483, "asctime": "2020-10-13 15:09:42", "name": "app.service.qrcode_by_local", "levelname": "INFO", "message": "Detect Image data: [{'CODE128': '008-8151782546-01-02-02'}]"}
{"process": 30483, "asctime": "2020-10-13 15:09:42", "name": "access_log", "levelname": "INFO", "message": null, "ip": "127.0.0.1", "method": "POST", "path": "/api/v1/qrcode", "response": {"status_code": 200, "return_code": 200}, "elapsed": 14.220986366271973}
{"process": 30752, "asctime": "2020-10-13 15:11:13", "name": "app.utils.auth.create_sign", "levelname": "DEBUG", "message": "sign : 2854F7ED1B84CC36ABAC7878EF31A358"}
{"process": 31007, "asctime": "2020-10-13 15:16:12", "name": "app.utils.auth.create_sign", "levelname": "DEBUG", "message": "sign : 0DACD55EFA6F60EED815066EC60105E5"}
{"process": 31007, "asctime": "2020-10-13 15:16:27", "name": "access_log", "levelname": "INFO", "message": null, "ip": "127.0.0.1", "method": "POST", "path": "/api/v1/qrcode", "response": {"status_code": 200, "return_code": 200}, "elapsed": 15.081571817398071}
{"process": 31258, "asctime": "2020-10-13 15:17:23", "name": "app.utils.auth.create_sign", "levelname": "DEBUG", "message": "sign : 49C55A8AABECBD0D4B217019C93049AE"}
{"process": 31258, "asctime": "2020-10-13 15:17:24", "name": "access_log", "levelname": "INFO", "message": null, "ip": "127.0.0.1", "method": "POST", "path": "/api/v1/qrcode", "response": {"status_code": 200, "return_code": 200}, "elapsed": 0.9024207592010498}
{"process": 31258, "asctime": "2020-10-13 15:17:27", "name": "app.utils.auth.create_sign", "levelname": "DEBUG", "message": "sign : B6C1CCB433CF47C2F3ACBC6A1C4301B2"}
{"process": 31258, "asctime": "2020-10-13 15:17:27", "name": "access_log", "levelname": "INFO", "message": null, "ip": "127.0.0.1", "method": "POST", "path": "/api/v1/qrcode", "response": {"status_code": 200, "return_code": 200}, "elapsed": 0.7476778030395508}
{"process": 31258, "asctime": "2020-10-13 15:17:28", "name": "app.utils.auth.create_sign", "levelname": "DEBUG", "message": "sign : 7D4ED0C845F5FF67450D4D23B2B2A7A6"}
{"process": 31258, "asctime": "2020-10-13 15:17:29", "name": "access_log", "levelname": "INFO", "message": null, "ip": "127.0.0.1", "method": "POST", "path": "/api/v1/qrcode", "response": {"status_code": 200, "return_code": 200}, "elapsed": 0.7302017211914062}
{"process": 31860, "asctime": "2020-10-13 15:18:25", "name": "app.utils.auth.create_sign", "levelname": "DEBUG", "message": "sign : 0783CF1B7C6A2EB0B2AA703AFB3958A1"}
{"process": 31860, "asctime": "2020-10-13 15:18:26", "name": "access_log", "levelname": "INFO", "message": null, "ip": "127.0.0.1", "method": "POST", "path": "/api/v1/qrcode", "response": {"status_code": 200, "return_code": 200}, "elapsed": 1.101149559020996}
{"process": 31860, "asctime": "2020-10-13 15:18:29", "name": "app.utils.auth.create_sign", "levelname": "DEBUG", "message": "sign : 7C37FC7CB2C3B2ECDD0D207DF2913A24"}
{"process": 31860, "asctime": "2020-10-13 15:18:29", "name": "app.views.qrcode_decode.Qrcode", "levelname": "CRITICAL", "message": "pdf file error", "exc_info": "Traceback (most recent call last):\n  File \"/home/duanweiye/\u684c\u9762/qrcode_chuangcaiyun/qrcode_pro_dev/QrCode/app/views/qrcode_decode.py\", line 135, in post\n    result = self.recognition(pil_tobytes(image_stream), qtype=args['qtype'])\nUnboundLocalError: local variable 'image_stream' referenced before assignment"}
{"process": 31860, "asctime": "2020-10-13 15:18:29", "name": "on_exception", "levelname": "CRITICAL", "message": "Unknown error:", "exc_info": "Traceback (most recent call last):\n  File \"/home/duanweiye/.local/lib/python3.7/site-packages/flask_restx/api.py\", line 636, in error_router\n    return self.handle_error(e)\n  File \"/home/duanweiye/.local/lib/python3.7/site-packages/flask/app.py\", line 1949, in full_dispatch_request\n    rv = self.dispatch_request()\n  File \"/home/duanweiye/.local/lib/python3.7/site-packages/flask/app.py\", line 1935, in dispatch_request\n    return self.view_functions[rule.endpoint](**req.view_args)\n  File \"/home/duanweiye/.local/lib/python3.7/site-packages/flask_restx/api.py\", line 375, in wrapper\n    resp = resource(*args, **kwargs)\n  File \"/home/duanweiye/.local/lib/python3.7/site-packages/flask/views.py\", line 89, in view\n    return self.dispatch_request(*args, **kwargs)\n  File \"/home/duanweiye/.local/lib/python3.7/site-packages/flask_restx/resource.py\", line 44, in dispatch_request\n    resp = meth(*args, **kwargs)\n  File \"/home/duanweiye/\u684c\u9762/qrcode_chuangcaiyun/qrcode_pro_dev/QrCode/app/utils/decorators.py\", line 45, in inner\n    return func(*args, **kwargs)\n  File \"/home/duanweiye/\u684c\u9762/qrcode_chuangcaiyun/qrcode_pro_dev/QrCode/app/views/qrcode_decode.py\", line 141, in post\n    'data': result if result else []\nUnboundLocalError: local variable 'result' referenced before assignment"}
{"process": 31860, "asctime": "2020-10-13 15:18:29", "name": "access_log", "levelname": "INFO", "message": null, "ip": "127.0.0.1", "method": "POST", "path": "/api/v1/qrcode", "response": {"status_code": 200, "return_code": 500, "return_msg": "local variable 'result' referenced before assignment"}, "elapsed": 0.473757266998291}
{"process": 32001, "asctime": "2020-10-13 15:19:53", "name": "app.utils.auth.create_sign", "levelname": "DEBUG", "message": "sign : 7E233D2E8025F7B673E7C5D05D23B588"}
{"process": 32001, "asctime": "2020-10-13 15:19:53", "name": "app.views.qrcode_decode.Qrcode", "levelname": "CRITICAL", "message": "pdf file error", "exc_info": "Traceback (most recent call last):\n  File \"/home/duanweiye/\u684c\u9762/qrcode_chuangcaiyun/qrcode_pro_dev/QrCode/app/views/qrcode_decode.py\", line 135, in post\n    result = self.recognition(pil_tobytes(image_stream), qtype=args['qtype'])\nUnboundLocalError: local variable 'image_stream' referenced before assignment"}
{"process": 32001, "asctime": "2020-10-13 15:19:53", "name": "on_exception", "levelname": "CRITICAL", "message": "Unknown error:", "exc_info": "Traceback (most recent call last):\n  File \"/home/duanweiye/.local/lib/python3.7/site-packages/flask_restx/api.py\", line 636, in error_router\n    return self.handle_error(e)\n  File \"/home/duanweiye/.local/lib/python3.7/site-packages/flask/app.py\", line 1949, in full_dispatch_request\n    rv = self.dispatch_request()\n  File \"/home/duanweiye/.local/lib/python3.7/site-packages/flask/app.py\", line 1935, in dispatch_request\n    return self.view_functions[rule.endpoint](**req.view_args)\n  File \"/home/duanweiye/.local/lib/python3.7/site-packages/flask_restx/api.py\", line 375, in wrapper\n    resp = resource(*args, **kwargs)\n  File \"/home/duanweiye/.local/lib/python3.7/site-packages/flask/views.py\", line 89, in view\n    return self.dispatch_request(*args, **kwargs)\n  File \"/home/duanweiye/.local/lib/python3.7/site-packages/flask_restx/resource.py\", line 44, in dispatch_request\n    resp = meth(*args, **kwargs)\n  File \"/home/duanweiye/\u684c\u9762/qrcode_chuangcaiyun/qrcode_pro_dev/QrCode/app/utils/decorators.py\", line 45, in inner\n    return func(*args, **kwargs)\n  File \"/home/duanweiye/\u684c\u9762/qrcode_chuangcaiyun/qrcode_pro_dev/QrCode/app/views/qrcode_decode.py\", line 141, in post\n    'data': result if result else []\nUnboundLocalError: local variable 'result' referenced before assignment"}
{"process": 32001, "asctime": "2020-10-13 15:19:53", "name": "access_log", "levelname": "INFO", "message": null, "ip": "127.0.0.1", "method": "POST", "path": "/api/v1/qrcode", "response": {"status_code": 200, "return_code": 500, "return_msg": "local variable 'result' referenced before assignment"}, "elapsed": 0.5020058155059814}
{"process": 32355, "asctime": "2020-10-13 15:22:53", "name": "app.utils.auth.create_sign", "levelname": "DEBUG", "message": "sign : 37C915F37C8A96FB6DE20B955EF12A6E"}
{"process": 32355, "asctime": "2020-10-13 15:22:55", "name": "app.service.qrcode_by_local", "levelname": "INFO", "message": "Fixed position decode data: []"}
{"process": 32355, "asctime": "2020-10-13 15:22:55", "name": "app.service.qrcode_by_local", "levelname": "INFO", "message": "Fixed position decode data: []"}
{"process": 32355, "asctime": "2020-10-13 15:22:56", "name": "app.service.qrcode_by_local", "levelname": "INFO", "message": "Fixed position decode data: []"}
{"process": 32355, "asctime": "2020-10-13 15:22:56", "name": "app.service.qrcode_by_local", "levelname": "INFO", "message": "Fixed position decode data: []"}
{"process": 32355, "asctime": "2020-10-13 15:22:56", "name": "app.service.qrcode_by_local", "levelname": "INFO", "message": "Fixed position decode data: [{'QRCODE': '008-3525548993-01-01-02'}]"}
{"process": 32355, "asctime": "2020-10-13 15:22:56", "name": "app.service.qrcode_by_local", "levelname": "INFO", "message": "Fixed position decode data: []"}
{"process": 32355, "asctime": "2020-10-13 15:22:58", "name": "app.service.qrcode_by_local", "levelname": "INFO", "message": "Fixed position decode data: []"}
{"process": 32355, "asctime": "2020-10-13 15:22:58", "name": "app.service.qrcode_by_local", "levelname": "INFO", "message": "Fixed position decode data: []"}
{"process": 32355, "asctime": "2020-10-13 15:22:59", "name": "app.service.qrcode_by_local", "levelname": "INFO", "message": "Fixed position decode data: []"}
{"process": 32355, "asctime": "2020-10-13 15:22:59", "name": "app.service.qrcode_by_local", "levelname": "INFO", "message": "Fixed position decode data: []"}
{"process": 32355, "asctime": "2020-10-13 15:22:59", "name": "app.service.qrcode_by_local", "levelname": "INFO", "message": "Fixed position decode data: [{'QRCODE': '008-3525548993-01-02-02'}]"}
{"process": 32355, "asctime": "2020-10-13 15:22:59", "name": "app.service.qrcode_by_local", "levelname": "INFO", "message": "Fixed position decode data: []"}
{"process": 32355, "asctime": "2020-10-13 15:22:59", "name": "access_log", "levelname": "INFO", "message": null, "ip": "127.0.0.1", "method": "POST", "path": "/api/v1/qrcode", "response": {"status_code": 200, "return_code": 200}, "elapsed": 6.651723861694336}
{"process": 32355, "asctime": "2020-10-13 15:23:36", "name": "app.utils.auth.create_sign", "levelname": "DEBUG", "message": "sign : ED328785B04FB910C153CFD4363BEBB2"}
{"process": 32355, "asctime": "2020-10-13 15:23:38", "name": "app.service.qrcode_by_local", "levelname": "INFO", "message": "Fixed position decode data: []"}
{"process": 32355, "asctime": "2020-10-13 15:23:39", "name": "app.service.qrcode_by_local", "levelname": "INFO", "message": "Fixed position decode data: []"}
{"process": 32355, "asctime": "2020-10-13 15:23:39", "name": "app.service.qrcode_by_local", "levelname": "INFO", "message": "Fixed position decode data: []"}
{"process": 32355, "asctime": "2020-10-13 15:23:40", "name": "app.service.qrcode_by_local", "levelname": "INFO", "message": "Fixed position decode data: []"}
{"process": 32355, "asctime": "2020-10-13 15:23:40", "name": "app.service.qrcode_by_local", "levelname": "INFO", "message": "Fixed position decode data: [{'QRCODE': '008-3525548993-01-01-02'}]"}
{"process": 32355, "asctime": "2020-10-13 15:23:40", "name": "app.service.qrcode_by_local", "levelname": "INFO", "message": "Fixed position decode data: []"}
{"process": 32355, "asctime": "2020-10-13 15:23:41", "name": "app.service.qrcode_by_local", "levelname": "INFO", "message": "Fixed position decode data: []"}
{"process": 32355, "asctime": "2020-10-13 15:23:42", "name": "app.service.qrcode_by_local", "levelname": "INFO", "message": "Fixed position decode data: []"}
{"process": 32355, "asctime": "2020-10-13 15:23:42", "name": "app.service.qrcode_by_local", "levelname": "INFO", "message": "Fixed position decode data: []"}
{"process": 32355, "asctime": "2020-10-13 15:23:43", "name": "app.service.qrcode_by_local", "levelname": "INFO", "message": "Fixed position decode data: []"}
{"process": 32355, "asctime": "2020-10-13 15:23:43", "name": "app.service.qrcode_by_local", "levelname": "INFO", "message": "Fixed position decode data: [{'QRCODE': '008-3525548993-01-02-02'}]"}
{"process": 32355, "asctime": "2020-10-13 15:23:43", "name": "app.service.qrcode_by_local", "levelname": "INFO", "message": "Fixed position decode data: []"}
{"process": 32355, "asctime": "2020-10-13 15:23:43", "name": "access_log", "levelname": "INFO", "message": null, "ip": "127.0.0.1", "method": "POST", "path": "/api/v1/qrcode", "response": {"status_code": 200, "return_code": 200}, "elapsed": 6.6290082931518555}
{"process": 568, "asctime": "2020-10-13 15:24:17", "name": "app.utils.auth.create_sign", "levelname": "DEBUG", "message": "sign : 133C6B58E9BD771528EAE4449E8FB754"}
{"process": 568, "asctime": "2020-10-13 15:24:19", "name": "access_log", "levelname": "INFO", "message": null, "ip": "127.0.0.1", "method": "POST", "path": "/api/v1/qrcode", "response": {"status_code": 200, "return_code": 200}, "elapsed": 2.243826150894165}
{"process": 568, "asctime": "2020-10-13 15:24:34", "name": "app.utils.auth.create_sign", "levelname": "DEBUG", "message": "sign : 56313B6F83C7859C165B220B7321955B"}
{"process": 568, "asctime": "2020-10-13 15:24:37", "name": "access_log", "levelname": "INFO", "message": null, "ip": "127.0.0.1", "method": "POST", "path": "/api/v1/qrcode", "response": {"status_code": 200, "return_code": 200}, "elapsed": 2.1784019470214844}
{"process": 1829, "asctime": "2020-10-13 15:32:53", "name": "app.utils.auth.create_sign", "levelname": "DEBUG", "message": "sign : 908E67B079FD18BF5D1572659B1C903E"}
{"process": 1829, "asctime": "2020-10-13 15:32:54", "name": "on_exception", "levelname": "CRITICAL", "message": "Unknown error:", "exc_info": "Traceback (most recent call last):\n  File \"/home/duanweiye/.local/lib/python3.7/site-packages/flask_restx/api.py\", line 636, in error_router\n    return self.handle_error(e)\n  File \"/home/duanweiye/.local/lib/python3.7/site-packages/flask/app.py\", line 1949, in full_dispatch_request\n    rv = self.dispatch_request()\n  File \"/home/duanweiye/.local/lib/python3.7/site-packages/flask/app.py\", line 1935, in dispatch_request\n    return self.view_functions[rule.endpoint](**req.view_args)\n  File \"/home/duanweiye/.local/lib/python3.7/site-packages/flask_restx/api.py\", line 379, in wrapper\n    return self.make_response(data, code, headers=headers)\n  File \"/home/duanweiye/.local/lib/python3.7/site-packages/flask_restx/api.py\", line 402, in make_response\n    resp = self.representations[mediatype](data, *args, **kwargs)\n  File \"/home/duanweiye/.local/lib/python3.7/site-packages/flask_restx/representations.py\", line 25, in output_json\n    dumped = dumps(data, **settings) + \"\\n\"\nTypeError: <generator object Qrcode.post.<locals>.<genexpr> at 0x7f3b2653cb50> is not JSON serializable"}
{"process": 1829, "asctime": "2020-10-13 15:32:54", "name": "access_log", "levelname": "INFO", "message": null, "ip": "127.0.0.1", "method": "POST", "path": "/api/v1/qrcode", "response": {"status_code": 200, "return_code": 500, "return_msg": "<generator object Qrcode.post.<locals>.<genexpr> at 0x7f3b2653cb50> is not JSON serializable"}, "elapsed": 0.7128555774688721}
{"process": 2217, "asctime": "2020-10-13 15:33:58", "name": "app.utils.auth.create_sign", "levelname": "DEBUG", "message": "sign : 4ADCD2A67DBBDB961254DEF656D7590E"}
{"process": 2217, "asctime": "2020-10-13 15:34:00", "name": "access_log", "levelname": "INFO", "message": null, "ip": "127.0.0.1", "method": "POST", "path": "/api/v1/qrcode", "response": {"status_code": 200, "return_code": 200}, "elapsed": 2.3023009300231934}
{"process": 2217, "asctime": "2020-10-13 15:34:09", "name": "app.utils.auth.create_sign", "levelname": "DEBUG", "message": "sign : FEFB02ACE6DC7288C10A158B183E9D85"}
{"process": 2217, "asctime": "2020-10-13 15:34:10", "name": "access_log", "levelname": "INFO", "message": null, "ip": "127.0.0.1", "method": "POST", "path": "/api/v1/qrcode", "response": {"status_code": 200, "return_code": 200}, "elapsed": 0.6798651218414307}
{"process": 2217, "asctime": "2020-10-13 15:34:40", "name": "app.utils.auth.create_sign", "levelname": "DEBUG", "message": "sign : 8FEDD8C96090CEDEB118BE05B4EBF838"}
{"process": 2217, "asctime": "2020-10-13 15:34:41", "name": "access_log", "levelname": "INFO", "message": null, "ip": "127.0.0.1", "method": "POST", "path": "/api/v1/qrcode", "response": {"status_code": 200, "return_code": 200}, "elapsed": 0.9405784606933594}
{"process": 2217, "asctime": "2020-10-13 15:34:52", "name": "app.utils.auth.create_sign", "levelname": "DEBUG", "message": "sign : BF8EDE5E56DC271D7E093CDAE22BFF76"}
{"process": 2217, "asctime": "2020-10-13 15:34:55", "name": "access_log", "levelname": "INFO", "message": null, "ip": "127.0.0.1", "method": "POST", "path": "/api/v1/qrcode", "response": {"status_code": 200, "return_code": 200}, "elapsed": 2.220484972000122}
